<?xml version="1.0" encoding="UTF-8"?>
<testng-results skipped="0" failed="0" total="1" passed="1">
  <reporter-output>
  </reporter-output>
  <suite name="EELS_EndToEnd_Scripts" duration-ms="74032" started-at="2016-09-16T04:30:14Z" finished-at="2016-09-16T04:31:28Z">
    <groups>
    </groups>
    <test name="IntegrationDemo" duration-ms="74032" started-at="2016-09-16T04:30:14Z" finished-at="2016-09-16T04:31:28Z">
      <class name="r09_SignupandLogin_Chrome.Trident_SignupPage_Blank_Field_Validation_85633">
        <test-method status="PASS" signature="beforeMethod()[pri:0, instance:r09_SignupandLogin_Chrome.Trident_SignupPage_Blank_Field_Validation_85633@7cdbc5d3]" name="beforeMethod" is-config="true" duration-ms="68300" started-at="2016-09-16T10:00:14Z" finished-at="2016-09-16T10:01:23Z">
          <reporter-output>
          </reporter-output>
        </test-method> <!-- beforeMethod -->
        <test-method status="PASS" signature="SignupPage_Multiple_Field_Blank()[pri:0, instance:r09_SignupandLogin_Chrome.Trident_SignupPage_Blank_Field_Validation_85633@7cdbc5d3]" name="SignupPage_Multiple_Field_Blank" duration-ms="3204" started-at="2016-09-16T10:01:23Z" finished-at="2016-09-16T10:01:26Z">
          <reporter-output>
          </reporter-output>
        </test-method> <!-- SignupPage_Multiple_Field_Blank -->
        <test-method status="PASS" signature="afterMethod(org.testng.ITestResult)[pri:0, instance:r09_SignupandLogin_Chrome.Trident_SignupPage_Blank_Field_Validation_85633@7cdbc5d3]" name="afterMethod" is-config="true" duration-ms="2494" started-at="2016-09-16T10:01:26Z" finished-at="2016-09-16T10:01:28Z">
          <params>
            <param index="0">
              <value>
                <![CDATA[[TestResult name=SignupPage_Multiple_Field_Blank status=SUCCESS method=Trident_SignupPage_Blank_Field_Validation_85633.SignupPage_Multiple_Field_Blank()[pri:0, instance:r09_SignupandLogin_Chrome.Trident_SignupPage_Blank_Field_Validation_85633@7cdbc5d3] output={null}]]]>
              </value>
            </param>
          </params>
          <reporter-output>
          </reporter-output>
        </test-method> <!-- afterMethod -->
      </class> <!-- r09_SignupandLogin_Chrome.Trident_SignupPage_Blank_Field_Validation_85633 -->
    </test> <!-- IntegrationDemo -->
  </suite> <!-- EELS_EndToEnd_Scripts -->
</testng-results>
